Determining if the pthread_create exist failed with the following output:
Change Dir: /home/benjamin/dev/demo_template/cmake-build-debug/CMakeFiles/CMakeTmp

Run Build Command:"/usr/bin/make" "cmTC_7a883/fast"
/usr/bin/make -f CMakeFiles/cmTC_7a883.dir/build.make CMakeFiles/cmTC_7a883.dir/build
make[1]: Entering directory '/home/benjamin/dev/demo_template/cmake-build-debug/CMakeFiles/CMakeTmp'
Building C object CMakeFiles/cmTC_7a883.dir/CheckSymbolExists.c.o
/usr/bin/cc    -o CMakeFiles/cmTC_7a883.dir/CheckSymbolExists.c.o   -c /home/benjamin/dev/demo_template/cmake-build-debug/CMakeFiles/CMakeTmp/CheckSymbolExists.c
Linking C executable cmTC_7a883
/home/benjamin/bin/clion-2017.2.2/bin/cmake/bin/cmake -E cmake_link_script CMakeFiles/cmTC_7a883.dir/link.txt --verbose=1
/usr/bin/cc      -rdynamic CMakeFiles/cmTC_7a883.dir/CheckSymbolExists.c.o  -o cmTC_7a883 
CMakeFiles/cmTC_7a883.dir/CheckSymbolExists.c.o: In function `main':
CheckSymbolExists.c:(.text+0x16): undefined reference to `pthread_create'
collect2: error: ld returned 1 exit status
CMakeFiles/cmTC_7a883.dir/build.make:97: recipe for target 'cmTC_7a883' failed
make[1]: *** [cmTC_7a883] Error 1
make[1]: Leaving directory '/home/benjamin/dev/demo_template/cmake-build-debug/CMakeFiles/CMakeTmp'
Makefile:126: recipe for target 'cmTC_7a883/fast' failed
make: *** [cmTC_7a883/fast] Error 2

File /home/benjamin/dev/demo_template/cmake-build-debug/CMakeFiles/CMakeTmp/CheckSymbolExists.c:
/* */
#include <pthread.h>

int main(int argc, char** argv)
{
  (void)argv;
#ifndef pthread_create
  return ((int*)(&pthread_create))[argc];
#else
  (void)argc;
  return 0;
#endif
}

Determining if the function pthread_create exists in the pthreads failed with the following output:
Change Dir: /home/benjamin/dev/demo_template/cmake-build-debug/CMakeFiles/CMakeTmp

Run Build Command:"/usr/bin/make" "cmTC_f2f8c/fast"
/usr/bin/make -f CMakeFiles/cmTC_f2f8c.dir/build.make CMakeFiles/cmTC_f2f8c.dir/build
make[1]: Entering directory '/home/benjamin/dev/demo_template/cmake-build-debug/CMakeFiles/CMakeTmp'
Building C object CMakeFiles/cmTC_f2f8c.dir/CheckFunctionExists.c.o
/usr/bin/cc   -DCHECK_FUNCTION_EXISTS=pthread_create   -o CMakeFiles/cmTC_f2f8c.dir/CheckFunctionExists.c.o   -c /home/benjamin/bin/clion-2017.2.2/bin/cmake/share/cmake-3.8/Modules/CheckFunctionExists.c
Linking C executable cmTC_f2f8c
/home/benjamin/bin/clion-2017.2.2/bin/cmake/bin/cmake -E cmake_link_script CMakeFiles/cmTC_f2f8c.dir/link.txt --verbose=1
/usr/bin/cc  -DCHECK_FUNCTION_EXISTS=pthread_create    -rdynamic CMakeFiles/cmTC_f2f8c.dir/CheckFunctionExists.c.o  -o cmTC_f2f8c -lpthreads 
/usr/bin/ld: cannot find -lpthreads
collect2: error: ld returned 1 exit status
CMakeFiles/cmTC_f2f8c.dir/build.make:97: recipe for target 'cmTC_f2f8c' failed
make[1]: *** [cmTC_f2f8c] Error 1
make[1]: Leaving directory '/home/benjamin/dev/demo_template/cmake-build-debug/CMakeFiles/CMakeTmp'
Makefile:126: recipe for target 'cmTC_f2f8c/fast' failed
make: *** [cmTC_f2f8c/fast] Error 2


